Hello from thread (0, 0) block (0, 2)
Hello from thread (1, 0) block (0, 2)
Hello from thread (2, 0) block (0, 2)
Hello from thread (3, 0) block (0, 2)
Hello from thread (4, 0) block (0, 2)
Hello from thread (5, 0) block (0, 2)
Hello from thread (6, 0) block (0, 2)
Hello from thread (7, 0) block (0, 2)
Hello from thread (0, 1) block (0, 2)
Hello from thread (1, 1) block (0, 2)
Hello from thread (2, 1) block (0, 2)
Hello from thread (3, 1) block (0, 2)
Hello from thread (4, 1) block (0, 2)
Hello from thread (5, 1) block (0, 2)
Hello from thread (6, 1) block (0, 2)
Hello from thread (7, 1) block (0, 2)
Hello from thread (0, 2) block (0, 2)
Hello from thread (1, 2) block (0, 2)
Hello from thread (2, 2) block (0, 2)
Hello from thread (3, 2) block (0, 2)
Hello from thread (4, 2) block (0, 2)
Hello from thread (5, 2) block (0, 2)
Hello from thread (6, 2) block (0, 2)
Hello from thread (7, 2) block (0, 2)
Hello from thread (0, 3) block (0, 2)
Hello from thread (1, 3) block (0, 2)
Hello from thread (2, 3) block (0, 2)
Hello from thread (3, 3) block (0, 2)
Hello from thread (4, 3) block (0, 2)
Hello from thread (5, 3) block (0, 2)
Hello from thread (6, 3) block (0, 2)
Hello from thread (7, 3) block (0, 2)
Hello from thread (0, 4) block (0, 2)
Hello from thread (1, 4) block (0, 2)
Hello from thread (2, 4) block (0, 2)
Hello from thread (3, 4) block (0, 2)
Hello from thread (4, 4) block (0, 2)
Hello from thread (5, 4) block (0, 2)
Hello from thread (6, 4) block (0, 2)
Hello from thread (7, 4) block (0, 2)
Hello from thread (0, 5) block (0, 2)
Hello from thread (1, 5) block (0, 2)
Hello from thread (2, 5) block (0, 2)
Hello from thread (3, 5) block (0, 2)
Hello from thread (4, 5) block (0, 2)
Hello from thread (5, 5) block (0, 2)
Hello from thread (6, 5) block (0, 2)
Hello from thread (7, 5) block (0, 2)
Hello from thread (0, 6) block (0, 2)
Hello from thread (1, 6) block (0, 2)
Hello from thread (2, 6) block (0, 2)
Hello from thread (3, 6) block (0, 2)
Hello from thread (4, 6) block (0, 2)
Hello from thread (5, 6) block (0, 2)
Hello from thread (6, 6) block (0, 2)
Hello from thread (7, 6) block (0, 2)
Hello from thread (0, 7) block (0, 2)
Hello from thread (1, 7) block (0, 2)
Hello from thread (2, 7) block (0, 2)
Hello from thread (3, 7) block (0, 2)
Hello from thread (4, 7) block (0, 2)
Hello from thread (5, 7) block (0, 2)
Hello from thread (6, 7) block (0, 2)
Hello from thread (7, 7) block (0, 2)
Hello from thread (0, 12) block (0, 2)
Hello from thread (1, 12) block (0, 2)
Hello from thread (2, 12) block (0, 2)
Hello from thread (3, 12) block (0, 2)
Hello from thread (4, 12) block (0, 2)
Hello from thread (5, 12) block (0, 2)
Hello from thread (6, 12) block (0, 2)
Hello from thread (7, 12) block (0, 2)
Hello from thread (0, 13) block (0, 2)
Hello from thread (1, 13) block (0, 2)
Hello from thread (2, 13) block (0, 2)
Hello from thread (3, 13) block (0, 2)
Hello from thread (4, 13) block (0, 2)
Hello from thread (5, 13) block (0, 2)
Hello from thread (6, 13) block (0, 2)
Hello from thread (7, 13) block (0, 2)
Hello from thread (0, 14) block (0, 2)
Hello from thread (1, 14) block (0, 2)
Hello from thread (2, 14) block (0, 2)
Hello from thread (3, 14) block (0, 2)
Hello from thread (4, 14) block (0, 2)
Hello from thread (5, 14) block (0, 2)
Hello from thread (6, 14) block (0, 2)
Hello from thread (7, 14) block (0, 2)
Hello from thread (0, 15) block (0, 2)
Hello from thread (1, 15) block (0, 2)
Hello from thread (2, 15) block (0, 2)
Hello from thread (3, 15) block (0, 2)
Hello from thread (4, 15) block (0, 2)
Hello from thread (5, 15) block (0, 2)
Hello from thread (6, 15) block (0, 2)
Hello from thread (7, 15) block (0, 2)
Hello from thread (0, 8) block (0, 2)
Hello from thread (1, 8) block (0, 2)
Hello from thread (2, 8) block (0, 2)
Hello from thread (3, 8) block (0, 2)
Hello from thread (4, 8) block (0, 2)
Hello from thread (5, 8) block (0, 2)
Hello from thread (6, 8) block (0, 2)
Hello from thread (7, 8) block (0, 2)
Hello from thread (0, 9) block (0, 2)
Hello from thread (1, 9) block (0, 2)
Hello from thread (2, 9) block (0, 2)
Hello from thread (3, 9) block (0, 2)
Hello from thread (4, 9) block (0, 2)
Hello from thread (5, 9) block (0, 2)
Hello from thread (6, 9) block (0, 2)
Hello from thread (7, 9) block (0, 2)
Hello from thread (0, 10) block (0, 2)
Hello from thread (1, 10) block (0, 2)
Hello from thread (2, 10) block (0, 2)
Hello from thread (3, 10) block (0, 2)
Hello from thread (4, 10) block (0, 2)
Hello from thread (5, 10) block (0, 2)
Hello from thread (6, 10) block (0, 2)
Hello from thread (7, 10) block (0, 2)
Hello from thread (0, 11) block (0, 2)
Hello from thread (1, 11) block (0, 2)
Hello from thread (2, 11) block (0, 2)
Hello from thread (3, 11) block (0, 2)
Hello from thread (4, 11) block (0, 2)
Hello from thread (5, 11) block (0, 2)
Hello from thread (6, 11) block (0, 2)
Hello from thread (7, 11) block (0, 2)
Hello from thread (0, 4) block (1, 2)
Hello from thread (1, 4) block (1, 2)
Hello from thread (2, 4) block (1, 2)
Hello from thread (3, 4) block (1, 2)
Hello from thread (4, 4) block (1, 2)
Hello from thread (5, 4) block (1, 2)
Hello from thread (6, 4) block (1, 2)
Hello from thread (7, 4) block (1, 2)
Hello from thread (0, 5) block (1, 2)
Hello from thread (1, 5) block (1, 2)
Hello from thread (2, 5) block (1, 2)
Hello from thread (3, 5) block (1, 2)
Hello from thread (4, 5) block (1, 2)
Hello from thread (5, 5) block (1, 2)
Hello from thread (6, 5) block (1, 2)
Hello from thread (7, 5) block (1, 2)
Hello from thread (0, 6) block (1, 2)
Hello from thread (1, 6) block (1, 2)
Hello from thread (2, 6) block (1, 2)
Hello from thread (3, 6) block (1, 2)
Hello from thread (4, 6) block (1, 2)
Hello from thread (5, 6) block (1, 2)
Hello from thread (6, 6) block (1, 2)
Hello from thread (7, 6) block (1, 2)
Hello from thread (0, 7) block (1, 2)
Hello from thread (1, 7) block (1, 2)
Hello from thread (2, 7) block (1, 2)
Hello from thread (3, 7) block (1, 2)
Hello from thread (4, 7) block (1, 2)
Hello from thread (5, 7) block (1, 2)
Hello from thread (6, 7) block (1, 2)
Hello from thread (7, 7) block (1, 2)
Hello from thread (0, 0) block (1, 2)
Hello from thread (1, 0) block (1, 2)
Hello from thread (2, 0) block (1, 2)
Hello from thread (3, 0) block (1, 2)
Hello from thread (4, 0) block (1, 2)
Hello from thread (5, 0) block (1, 2)
Hello from thread (6, 0) block (1, 2)
Hello from thread (7, 0) block (1, 2)
Hello from thread (0, 1) block (1, 2)
Hello from thread (1, 1) block (1, 2)
Hello from thread (2, 1) block (1, 2)
Hello from thread (3, 1) block (1, 2)
Hello from thread (4, 1) block (1, 2)
Hello from thread (5, 1) block (1, 2)
Hello from thread (6, 1) block (1, 2)
Hello from thread (7, 1) block (1, 2)
Hello from thread (0, 2) block (1, 2)
Hello from thread (1, 2) block (1, 2)
Hello from thread (2, 2) block (1, 2)
Hello from thread (3, 2) block (1, 2)
Hello from thread (4, 2) block (1, 2)
Hello from thread (5, 2) block (1, 2)
Hello from thread (6, 2) block (1, 2)
Hello from thread (7, 2) block (1, 2)
Hello from thread (0, 3) block (1, 2)
Hello from thread (1, 3) block (1, 2)
Hello from thread (2, 3) block (1, 2)
Hello from thread (3, 3) block (1, 2)
Hello from thread (4, 3) block (1, 2)
Hello from thread (5, 3) block (1, 2)
Hello from thread (6, 3) block (1, 2)
Hello from thread (7, 3) block (1, 2)
Hello from thread (0, 8) block (1, 2)
Hello from thread (1, 8) block (1, 2)
Hello from thread (2, 8) block (1, 2)
Hello from thread (3, 8) block (1, 2)
Hello from thread (4, 8) block (1, 2)
Hello from thread (5, 8) block (1, 2)
Hello from thread (6, 8) block (1, 2)
Hello from thread (7, 8) block (1, 2)
Hello from thread (0, 9) block (1, 2)
Hello from thread (1, 9) block (1, 2)
Hello from thread (2, 9) block (1, 2)
Hello from thread (3, 9) block (1, 2)
Hello from thread (4, 9) block (1, 2)
Hello from thread (5, 9) block (1, 2)
Hello from thread (6, 9) block (1, 2)
Hello from thread (7, 9) block (1, 2)
Hello from thread (0, 10) block (1, 2)
Hello from thread (1, 10) block (1, 2)
Hello from thread (2, 10) block (1, 2)
Hello from thread (3, 10) block (1, 2)
Hello from thread (4, 10) block (1, 2)
Hello from thread (5, 10) block (1, 2)
Hello from thread (6, 10) block (1, 2)
Hello from thread (7, 10) block (1, 2)
Hello from thread (0, 11) block (1, 2)
Hello from thread (1, 11) block (1, 2)
Hello from thread (2, 11) block (1, 2)
Hello from thread (3, 11) block (1, 2)
Hello from thread (4, 11) block (1, 2)
Hello from thread (5, 11) block (1, 2)
Hello from thread (6, 11) block (1, 2)
Hello from thread (7, 11) block (1, 2)
Hello from thread (0, 12) block (1, 2)
Hello from thread (1, 12) block (1, 2)
Hello from thread (2, 12) block (1, 2)
Hello from thread (3, 12) block (1, 2)
Hello from thread (4, 12) block (1, 2)
Hello from thread (5, 12) block (1, 2)
Hello from thread (6, 12) block (1, 2)
Hello from thread (7, 12) block (1, 2)
Hello from thread (0, 13) block (1, 2)
Hello from thread (1, 13) block (1, 2)
Hello from thread (2, 13) block (1, 2)
Hello from thread (3, 13) block (1, 2)
Hello from thread (4, 13) block (1, 2)
Hello from thread (5, 13) block (1, 2)
Hello from thread (6, 13) block (1, 2)
Hello from thread (7, 13) block (1, 2)
Hello from thread (0, 14) block (1, 2)
Hello from thread (1, 14) block (1, 2)
Hello from thread (2, 14) block (1, 2)
Hello from thread (3, 14) block (1, 2)
Hello from thread (4, 14) block (1, 2)
Hello from thread (5, 14) block (1, 2)
Hello from thread (6, 14) block (1, 2)
Hello from thread (7, 14) block (1, 2)
Hello from thread (0, 15) block (1, 2)
Hello from thread (1, 15) block (1, 2)
Hello from thread (2, 15) block (1, 2)
Hello from thread (3, 15) block (1, 2)
Hello from thread (4, 15) block (1, 2)
Hello from thread (5, 15) block (1, 2)
Hello from thread (6, 15) block (1, 2)
Hello from thread (7, 15) block (1, 2)
Hello from thread (0, 0) block (0, 1)
Hello from thread (1, 0) block (0, 1)
Hello from thread (2, 0) block (0, 1)
Hello from thread (3, 0) block (0, 1)
Hello from thread (4, 0) block (0, 1)
Hello from thread (5, 0) block (0, 1)
Hello from thread (6, 0) block (0, 1)
Hello from thread (7, 0) block (0, 1)
Hello from thread (0, 1) block (0, 1)
Hello from thread (1, 1) block (0, 1)
Hello from thread (2, 1) block (0, 1)
Hello from thread (3, 1) block (0, 1)
Hello from thread (4, 1) block (0, 1)
Hello from thread (5, 1) block (0, 1)
Hello from thread (6, 1) block (0, 1)
Hello from thread (7, 1) block (0, 1)
Hello from thread (0, 2) block (0, 1)
Hello from thread (1, 2) block (0, 1)
Hello from thread (2, 2) block (0, 1)
Hello from thread (3, 2) block (0, 1)
Hello from thread (4, 2) block (0, 1)
Hello from thread (5, 2) block (0, 1)
Hello from thread (6, 2) block (0, 1)
Hello from thread (7, 2) block (0, 1)
Hello from thread (0, 3) block (0, 1)
Hello from thread (1, 3) block (0, 1)
Hello from thread (2, 3) block (0, 1)
Hello from thread (3, 3) block (0, 1)
Hello from thread (4, 3) block (0, 1)
Hello from thread (5, 3) block (0, 1)
Hello from thread (6, 3) block (0, 1)
Hello from thread (7, 3) block (0, 1)
Hello from thread (0, 4) block (1, 0)
Hello from thread (1, 4) block (1, 0)
Hello from thread (2, 4) block (1, 0)
Hello from thread (3, 4) block (1, 0)
Hello from thread (4, 4) block (1, 0)
Hello from thread (5, 4) block (1, 0)
Hello from thread (6, 4) block (1, 0)
Hello from thread (7, 4) block (1, 0)
Hello from thread (0, 5) block (1, 0)
Hello from thread (1, 5) block (1, 0)
Hello from thread (2, 5) block (1, 0)
Hello from thread (3, 5) block (1, 0)
Hello from thread (4, 5) block (1, 0)
Hello from thread (5, 5) block (1, 0)
Hello from thread (6, 5) block (1, 0)
Hello from thread (7, 5) block (1, 0)
Hello from thread (0, 6) block (1, 0)
Hello from thread (1, 6) block (1, 0)
Hello from thread (2, 6) block (1, 0)
Hello from thread (3, 6) block (1, 0)
Hello from thread (4, 6) block (1, 0)
Hello from thread (5, 6) block (1, 0)
Hello from thread (6, 6) block (1, 0)
Hello from thread (7, 6) block (1, 0)
Hello from thread (0, 7) block (1, 0)
Hello from thread (1, 7) block (1, 0)
Hello from thread (2, 7) block (1, 0)
Hello from thread (3, 7) block (1, 0)
Hello from thread (4, 7) block (1, 0)
Hello from thread (5, 7) block (1, 0)
Hello from thread (6, 7) block (1, 0)
Hello from thread (7, 7) block (1, 0)
Hello from thread (0, 4) block (0, 1)
Hello from thread (1, 4) block (0, 1)
Hello from thread (2, 4) block (0, 1)
Hello from thread (3, 4) block (0, 1)
Hello from thread (4, 4) block (0, 1)
Hello from thread (5, 4) block (0, 1)
Hello from thread (6, 4) block (0, 1)
Hello from thread (7, 4) block (0, 1)
Hello from thread (0, 5) block (0, 1)
Hello from thread (1, 5) block (0, 1)
Hello from thread (2, 5) block (0, 1)
Hello from thread (3, 5) block (0, 1)
Hello from thread (4, 5) block (0, 1)
Hello from thread (5, 5) block (0, 1)
Hello from thread (6, 5) block (0, 1)
Hello from thread (7, 5) block (0, 1)
Hello from thread (0, 6) block (0, 1)
Hello from thread (1, 6) block (0, 1)
Hello from thread (2, 6) block (0, 1)
Hello from thread (3, 6) block (0, 1)
Hello from thread (4, 6) block (0, 1)
Hello from thread (5, 6) block (0, 1)
Hello from thread (6, 6) block (0, 1)
Hello from thread (7, 6) block (0, 1)
Hello from thread (0, 7) block (0, 1)
Hello from thread (1, 7) block (0, 1)
Hello from thread (2, 7) block (0, 1)
Hello from thread (3, 7) block (0, 1)
Hello from thread (4, 7) block (0, 1)
Hello from thread (5, 7) block (0, 1)
Hello from thread (6, 7) block (0, 1)
Hello from thread (7, 7) block (0, 1)
Hello from thread (0, 4) block (1, 3)
Hello from thread (1, 4) block (1, 3)
Hello from thread (2, 4) block (1, 3)
Hello from thread (3, 4) block (1, 3)
Hello from thread (4, 4) block (1, 3)
Hello from thread (5, 4) block (1, 3)
Hello from thread (6, 4) block (1, 3)
Hello from thread (7, 4) block (1, 3)
Hello from thread (0, 5) block (1, 3)
Hello from thread (1, 5) block (1, 3)
Hello from thread (2, 5) block (1, 3)
Hello from thread (3, 5) block (1, 3)
Hello from thread (4, 5) block (1, 3)
Hello from thread (5, 5) block (1, 3)
Hello from thread (6, 5) block (1, 3)
Hello from thread (7, 5) block (1, 3)
Hello from thread (0, 6) block (1, 3)
Hello from thread (1, 6) block (1, 3)
Hello from thread (2, 6) block (1, 3)
Hello from thread (3, 6) block (1, 3)
Hello from thread (4, 6) block (1, 3)
Hello from thread (5, 6) block (1, 3)
Hello from thread (6, 6) block (1, 3)
Hello from thread (7, 6) block (1, 3)
Hello from thread (0, 7) block (1, 3)
Hello from thread (1, 7) block (1, 3)
Hello from thread (2, 7) block (1, 3)
Hello from thread (3, 7) block (1, 3)
Hello from thread (4, 7) block (1, 3)
Hello from thread (5, 7) block (1, 3)
Hello from thread (6, 7) block (1, 3)
Hello from thread (7, 7) block (1, 3)
Hello from thread (0, 12) block (0, 1)
Hello from thread (1, 12) block (0, 1)
Hello from thread (2, 12) block (0, 1)
Hello from thread (3, 12) block (0, 1)
Hello from thread (4, 12) block (0, 1)
Hello from thread (5, 12) block (0, 1)
Hello from thread (6, 12) block (0, 1)
Hello from thread (7, 12) block (0, 1)
Hello from thread (0, 13) block (0, 1)
Hello from thread (1, 13) block (0, 1)
Hello from thread (2, 13) block (0, 1)
Hello from thread (3, 13) block (0, 1)
Hello from thread (4, 13) block (0, 1)
Hello from thread (5, 13) block (0, 1)
Hello from thread (6, 13) block (0, 1)
Hello from thread (7, 13) block (0, 1)
Hello from thread (0, 14) block (0, 1)
Hello from thread (1, 14) block (0, 1)
Hello from thread (2, 14) block (0, 1)
Hello from thread (3, 14) block (0, 1)
Hello from thread (4, 14) block (0, 1)
Hello from thread (5, 14) block (0, 1)
Hello from thread (6, 14) block (0, 1)
Hello from thread (7, 14) block (0, 1)
Hello from thread (0, 15) block (0, 1)
Hello from thread (1, 15) block (0, 1)
Hello from thread (2, 15) block (0, 1)
Hello from thread (3, 15) block (0, 1)
Hello from thread (4, 15) block (0, 1)
Hello from thread (5, 15) block (0, 1)
Hello from thread (6, 15) block (0, 1)
Hello from thread (7, 15) block (0, 1)
Hello from thread (0, 0) block (1, 0)
Hello from thread (1, 0) block (1, 0)
Hello from thread (2, 0) block (1, 0)
Hello from thread (3, 0) block (1, 0)
Hello from thread (4, 0) block (1, 0)
Hello from thread (5, 0) block (1, 0)
Hello from thread (6, 0) block (1, 0)
Hello from thread (7, 0) block (1, 0)
Hello from thread (0, 1) block (1, 0)
Hello from thread (1, 1) block (1, 0)
Hello from thread (2, 1) block (1, 0)
Hello from thread (3, 1) block (1, 0)
Hello from thread (4, 1) block (1, 0)
Hello from thread (5, 1) block (1, 0)
Hello from thread (6, 1) block (1, 0)
Hello from thread (7, 1) block (1, 0)
Hello from thread (0, 2) block (1, 0)
Hello from thread (1, 2) block (1, 0)
Hello from thread (2, 2) block (1, 0)
Hello from thread (3, 2) block (1, 0)
Hello from thread (4, 2) block (1, 0)
Hello from thread (5, 2) block (1, 0)
Hello from thread (6, 2) block (1, 0)
Hello from thread (7, 2) block (1, 0)
Hello from thread (0, 3) block (1, 0)
Hello from thread (1, 3) block (1, 0)
Hello from thread (2, 3) block (1, 0)
Hello from thread (3, 3) block (1, 0)
Hello from thread (4, 3) block (1, 0)
Hello from thread (5, 3) block (1, 0)
Hello from thread (6, 3) block (1, 0)
Hello from thread (7, 3) block (1, 0)
Hello from thread (0, 8) block (0, 1)
Hello from thread (1, 8) block (0, 1)
Hello from thread (2, 8) block (0, 1)
Hello from thread (3, 8) block (0, 1)
Hello from thread (4, 8) block (0, 1)
Hello from thread (5, 8) block (0, 1)
Hello from thread (6, 8) block (0, 1)
Hello from thread (7, 8) block (0, 1)
Hello from thread (0, 9) block (0, 1)
Hello from thread (1, 9) block (0, 1)
Hello from thread (2, 9) block (0, 1)
Hello from thread (3, 9) block (0, 1)
Hello from thread (4, 9) block (0, 1)
Hello from thread (5, 9) block (0, 1)
Hello from thread (6, 9) block (0, 1)
Hello from thread (7, 9) block (0, 1)
Hello from thread (0, 10) block (0, 1)
Hello from thread (1, 10) block (0, 1)
Hello from thread (2, 10) block (0, 1)
Hello from thread (3, 10) block (0, 1)
Hello from thread (4, 10) block (0, 1)
Hello from thread (5, 10) block (0, 1)
Hello from thread (6, 10) block (0, 1)
Hello from thread (7, 10) block (0, 1)
Hello from thread (0, 11) block (0, 1)
Hello from thread (1, 11) block (0, 1)
Hello from thread (2, 11) block (0, 1)
Hello from thread (3, 11) block (0, 1)
Hello from thread (4, 11) block (0, 1)
Hello from thread (5, 11) block (0, 1)
Hello from thread (6, 11) block (0, 1)
Hello from thread (7, 11) block (0, 1)
Hello from thread (0, 0) block (1, 3)
Hello from thread (1, 0) block (1, 3)
Hello from thread (2, 0) block (1, 3)
Hello from thread (3, 0) block (1, 3)
Hello from thread (4, 0) block (1, 3)
Hello from thread (5, 0) block (1, 3)
Hello from thread (6, 0) block (1, 3)
Hello from thread (7, 0) block (1, 3)
Hello from thread (0, 1) block (1, 3)
Hello from thread (1, 1) block (1, 3)
Hello from thread (2, 1) block (1, 3)
Hello from thread (3, 1) block (1, 3)
Hello from thread (4, 1) block (1, 3)
Hello from thread (5, 1) block (1, 3)
Hello from thread (6, 1) block (1, 3)
Hello from thread (7, 1) block (1, 3)
Hello from thread (0, 2) block (1, 3)
Hello from thread (1, 2) block (1, 3)
Hello from thread (2, 2) block (1, 3)
Hello from thread (3, 2) block (1, 3)
Hello from thread (4, 2) block (1, 3)
Hello from thread (5, 2) block (1, 3)
Hello from thread (6, 2) block (1, 3)
Hello from thread (7, 2) block (1, 3)
Hello from thread (0, 3) block (1, 3)
Hello from thread (1, 3) block (1, 3)
Hello from thread (2, 3) block (1, 3)
Hello from thread (3, 3) block (1, 3)
Hello from thread (4, 3) block (1, 3)
Hello from thread (5, 3) block (1, 3)
Hello from thread (6, 3) block (1, 3)
Hello from thread (7, 3) block (1, 3)
Hello from thread (0, 4) block (0, 3)
Hello from thread (1, 4) block (0, 3)
Hello from thread (2, 4) block (0, 3)
Hello from thread (3, 4) block (0, 3)
Hello from thread (4, 4) block (0, 3)
Hello from thread (5, 4) block (0, 3)
Hello from thread (6, 4) block (0, 3)
Hello from thread (7, 4) block (0, 3)
Hello from thread (0, 5) block (0, 3)
Hello from thread (1, 5) block (0, 3)
Hello from thread (2, 5) block (0, 3)
Hello from thread (3, 5) block (0, 3)
Hello from thread (4, 5) block (0, 3)
Hello from thread (5, 5) block (0, 3)
Hello from thread (6, 5) block (0, 3)
Hello from thread (7, 5) block (0, 3)
Hello from thread (0, 6) block (0, 3)
Hello from thread (1, 6) block (0, 3)
Hello from thread (2, 6) block (0, 3)
Hello from thread (3, 6) block (0, 3)
Hello from thread (4, 6) block (0, 3)
Hello from thread (5, 6) block (0, 3)
Hello from thread (6, 6) block (0, 3)
Hello from thread (7, 6) block (0, 3)
Hello from thread (0, 7) block (0, 3)
Hello from thread (1, 7) block (0, 3)
Hello from thread (2, 7) block (0, 3)
Hello from thread (3, 7) block (0, 3)
Hello from thread (4, 7) block (0, 3)
Hello from thread (5, 7) block (0, 3)
Hello from thread (6, 7) block (0, 3)
Hello from thread (7, 7) block (0, 3)
Hello from thread (0, 8) block (1, 0)
Hello from thread (1, 8) block (1, 0)
Hello from thread (2, 8) block (1, 0)
Hello from thread (3, 8) block (1, 0)
Hello from thread (4, 8) block (1, 0)
Hello from thread (5, 8) block (1, 0)
Hello from thread (6, 8) block (1, 0)
Hello from thread (7, 8) block (1, 0)
Hello from thread (0, 9) block (1, 0)
Hello from thread (1, 9) block (1, 0)
Hello from thread (2, 9) block (1, 0)
Hello from thread (3, 9) block (1, 0)
Hello from thread (4, 9) block (1, 0)
Hello from thread (5, 9) block (1, 0)
Hello from thread (6, 9) block (1, 0)
Hello from thread (7, 9) block (1, 0)
Hello from thread (0, 10) block (1, 0)
Hello from thread (1, 10) block (1, 0)
Hello from thread (2, 10) block (1, 0)
Hello from thread (3, 10) block (1, 0)
Hello from thread (4, 10) block (1, 0)
Hello from thread (5, 10) block (1, 0)
Hello from thread (6, 10) block (1, 0)
Hello from thread (7, 10) block (1, 0)
Hello from thread (0, 11) block (1, 0)
Hello from thread (1, 11) block (1, 0)
Hello from thread (2, 11) block (1, 0)
Hello from thread (3, 11) block (1, 0)
Hello from thread (4, 11) block (1, 0)
Hello from thread (5, 11) block (1, 0)
Hello from thread (6, 11) block (1, 0)
Hello from thread (7, 11) block (1, 0)
Hello from thread (0, 0) block (0, 0)
Hello from thread (1, 0) block (0, 0)
Hello from thread (2, 0) block (0, 0)
Hello from thread (3, 0) block (0, 0)
Hello from thread (4, 0) block (0, 0)
Hello from thread (5, 0) block (0, 0)
Hello from thread (6, 0) block (0, 0)
Hello from thread (7, 0) block (0, 0)
Hello from thread (0, 1) block (0, 0)
Hello from thread (1, 1) block (0, 0)
Hello from thread (2, 1) block (0, 0)
Hello from thread (3, 1) block (0, 0)
Hello from thread (4, 1) block (0, 0)
Hello from thread (5, 1) block (0, 0)
Hello from thread (6, 1) block (0, 0)
Hello from thread (7, 1) block (0, 0)
Hello from thread (0, 2) block (0, 0)
Hello from thread (1, 2) block (0, 0)
Hello from thread (2, 2) block (0, 0)
Hello from thread (3, 2) block (0, 0)
Hello from thread (4, 2) block (0, 0)
Hello from thread (5, 2) block (0, 0)
Hello from thread (6, 2) block (0, 0)
Hello from thread (7, 2) block (0, 0)
Hello from thread (0, 3) block (0, 0)
Hello from thread (1, 3) block (0, 0)
Hello from thread (2, 3) block (0, 0)
Hello from thread (3, 3) block (0, 0)
Hello from thread (4, 3) block (0, 0)
Hello from thread (5, 3) block (0, 0)
Hello from thread (6, 3) block (0, 0)
Hello from thread (7, 3) block (0, 0)
Hello from thread (0, 8) block (1, 3)
Hello from thread (1, 8) block (1, 3)
Hello from thread (2, 8) block (1, 3)
Hello from thread (3, 8) block (1, 3)
Hello from thread (4, 8) block (1, 3)
Hello from thread (5, 8) block (1, 3)
Hello from thread (6, 8) block (1, 3)
Hello from thread (7, 8) block (1, 3)
Hello from thread (0, 9) block (1, 3)
Hello from thread (1, 9) block (1, 3)
Hello from thread (2, 9) block (1, 3)
Hello from thread (3, 9) block (1, 3)
Hello from thread (4, 9) block (1, 3)
Hello from thread (5, 9) block (1, 3)
Hello from thread (6, 9) block (1, 3)
Hello from thread (7, 9) block (1, 3)
Hello from thread (0, 10) block (1, 3)
Hello from thread (1, 10) block (1, 3)
Hello from thread (2, 10) block (1, 3)
Hello from thread (3, 10) block (1, 3)
Hello from thread (4, 10) block (1, 3)
Hello from thread (5, 10) block (1, 3)
Hello from thread (6, 10) block (1, 3)
Hello from thread (7, 10) block (1, 3)
Hello from thread (0, 11) block (1, 3)
Hello from thread (1, 11) block (1, 3)
Hello from thread (2, 11) block (1, 3)
Hello from thread (3, 11) block (1, 3)
Hello from thread (4, 11) block (1, 3)
Hello from thread (5, 11) block (1, 3)
Hello from thread (6, 11) block (1, 3)
Hello from thread (7, 11) block (1, 3)
Hello from thread (0, 0) block (0, 3)
Hello from thread (1, 0) block (0, 3)
Hello from thread (2, 0) block (0, 3)
Hello from thread (3, 0) block (0, 3)
Hello from thread (4, 0) block (0, 3)
Hello from thread (5, 0) block (0, 3)
Hello from thread (6, 0) block (0, 3)
Hello from thread (7, 0) block (0, 3)
Hello from thread (0, 1) block (0, 3)
Hello from thread (1, 1) block (0, 3)
Hello from thread (2, 1) block (0, 3)
Hello from thread (3, 1) block (0, 3)
Hello from thread (4, 1) block (0, 3)
Hello from thread (5, 1) block (0, 3)
Hello from thread (6, 1) block (0, 3)
Hello from thread (7, 1) block (0, 3)
Hello from thread (0, 2) block (0, 3)
Hello from thread (1, 2) block (0, 3)
Hello from thread (2, 2) block (0, 3)
Hello from thread (3, 2) block (0, 3)
Hello from thread (4, 2) block (0, 3)
Hello from thread (5, 2) block (0, 3)
Hello from thread (6, 2) block (0, 3)
Hello from thread (7, 2) block (0, 3)
Hello from thread (0, 3) block (0, 3)
Hello from thread (1, 3) block (0, 3)
Hello from thread (2, 3) block (0, 3)
Hello from thread (3, 3) block (0, 3)
Hello from thread (4, 3) block (0, 3)
Hello from thread (5, 3) block (0, 3)
Hello from thread (6, 3) block (0, 3)
Hello from thread (7, 3) block (0, 3)
Hello from thread (0, 12) block (1, 0)
Hello from thread (1, 12) block (1, 0)
Hello from thread (2, 12) block (1, 0)
Hello from thread (3, 12) block (1, 0)
Hello from thread (4, 12) block (1, 0)
Hello from thread (5, 12) block (1, 0)
Hello from thread (6, 12) block (1, 0)
Hello from thread (7, 12) block (1, 0)
Hello from thread (0, 13) block (1, 0)
Hello from thread (1, 13) block (1, 0)
Hello from thread (2, 13) block (1, 0)
Hello from thread (3, 13) block (1, 0)
Hello from thread (4, 13) block (1, 0)
Hello from thread (5, 13) block (1, 0)
Hello from thread (6, 13) block (1, 0)
Hello from thread (7, 13) block (1, 0)
Hello from thread (0, 14) block (1, 0)
Hello from thread (1, 14) block (1, 0)
Hello from thread (2, 14) block (1, 0)
Hello from thread (3, 14) block (1, 0)
Hello from thread (4, 14) block (1, 0)
Hello from thread (5, 14) block (1, 0)
Hello from thread (6, 14) block (1, 0)
Hello from thread (7, 14) block (1, 0)
Hello from thread (0, 15) block (1, 0)
Hello from thread (1, 15) block (1, 0)
Hello from thread (2, 15) block (1, 0)
Hello from thread (3, 15) block (1, 0)
Hello from thread (4, 15) block (1, 0)
Hello from thread (5, 15) block (1, 0)
Hello from thread (6, 15) block (1, 0)
Hello from thread (7, 15) block (1, 0)
Hello from thread (0, 4) block (0, 0)
Hello from thread (1, 4) block (0, 0)
Hello from thread (2, 4) block (0, 0)
Hello from thread (3, 4) block (0, 0)
Hello from thread (4, 4) block (0, 0)
Hello from thread (5, 4) block (0, 0)
Hello from thread (6, 4) block (0, 0)
Hello from thread (7, 4) block (0, 0)
Hello from thread (0, 5) block (0, 0)
Hello from thread (1, 5) block (0, 0)
Hello from thread (2, 5) block (0, 0)
Hello from thread (3, 5) block (0, 0)
Hello from thread (4, 5) block (0, 0)
Hello from thread (5, 5) block (0, 0)
Hello from thread (6, 5) block (0, 0)
Hello from thread (7, 5) block (0, 0)
Hello from thread (0, 6) block (0, 0)
Hello from thread (1, 6) block (0, 0)
Hello from thread (2, 6) block (0, 0)
Hello from thread (3, 6) block (0, 0)
Hello from thread (4, 6) block (0, 0)
Hello from thread (5, 6) block (0, 0)
Hello from thread (6, 6) block (0, 0)
Hello from thread (7, 6) block (0, 0)
Hello from thread (0, 7) block (0, 0)
Hello from thread (1, 7) block (0, 0)
Hello from thread (2, 7) block (0, 0)
Hello from thread (3, 7) block (0, 0)
Hello from thread (4, 7) block (0, 0)
Hello from thread (5, 7) block (0, 0)
Hello from thread (6, 7) block (0, 0)
Hello from thread (7, 7) block (0, 0)
Hello from thread (0, 12) block (1, 3)
Hello from thread (1, 12) block (1, 3)
Hello from thread (2, 12) block (1, 3)
Hello from thread (3, 12) block (1, 3)
Hello from thread (4, 12) block (1, 3)
Hello from thread (5, 12) block (1, 3)
Hello from thread (6, 12) block (1, 3)
Hello from thread (7, 12) block (1, 3)
Hello from thread (0, 13) block (1, 3)
Hello from thread (1, 13) block (1, 3)
Hello from thread (2, 13) block (1, 3)
Hello from thread (3, 13) block (1, 3)
Hello from thread (4, 13) block (1, 3)
Hello from thread (5, 13) block (1, 3)
Hello from thread (6, 13) block (1, 3)
Hello from thread (7, 13) block (1, 3)
Hello from thread (0, 14) block (1, 3)
Hello from thread (1, 14) block (1, 3)
Hello from thread (2, 14) block (1, 3)
Hello from thread (3, 14) block (1, 3)
Hello from thread (4, 14) block (1, 3)
Hello from thread (5, 14) block (1, 3)
Hello from thread (6, 14) block (1, 3)
Hello from thread (7, 14) block (1, 3)
Hello from thread (0, 15) block (1, 3)
Hello from thread (1, 15) block (1, 3)
Hello from thread (2, 15) block (1, 3)
Hello from thread (3, 15) block (1, 3)
Hello from thread (4, 15) block (1, 3)
Hello from thread (5, 15) block (1, 3)
Hello from thread (6, 15) block (1, 3)
Hello from thread (7, 15) block (1, 3)
Hello from thread (0, 12) block (0, 3)
Hello from thread (1, 12) block (0, 3)
Hello from thread (2, 12) block (0, 3)
Hello from thread (3, 12) block (0, 3)
Hello from thread (4, 12) block (0, 3)
Hello from thread (5, 12) block (0, 3)
Hello from thread (6, 12) block (0, 3)
Hello from thread (7, 12) block (0, 3)
Hello from thread (0, 13) block (0, 3)
Hello from thread (1, 13) block (0, 3)
Hello from thread (2, 13) block (0, 3)
Hello from thread (3, 13) block (0, 3)
Hello from thread (4, 13) block (0, 3)
Hello from thread (5, 13) block (0, 3)
Hello from thread (6, 13) block (0, 3)
Hello from thread (7, 13) block (0, 3)
Hello from thread (0, 14) block (0, 3)
Hello from thread (1, 14) block (0, 3)
Hello from thread (2, 14) block (0, 3)
Hello from thread (3, 14) block (0, 3)
Hello from thread (4, 14) block (0, 3)
Hello from thread (5, 14) block (0, 3)
Hello from thread (6, 14) block (0, 3)
Hello from thread (7, 14) block (0, 3)
Hello from thread (0, 15) block (0, 3)
Hello from thread (1, 15) block (0, 3)
Hello from thread (2, 15) block (0, 3)
Hello from thread (3, 15) block (0, 3)
Hello from thread (4, 15) block (0, 3)
Hello from thread (5, 15) block (0, 3)
Hello from thread (6, 15) block (0, 3)
Hello from thread (7, 15) block (0, 3)
Hello from thread (0, 8) block (0, 0)
Hello from thread (1, 8) block (0, 0)
Hello from thread (2, 8) block (0, 0)
Hello from thread (3, 8) block (0, 0)
Hello from thread (4, 8) block (0, 0)
Hello from thread (5, 8) block (0, 0)
Hello from thread (6, 8) block (0, 0)
Hello from thread (7, 8) block (0, 0)
Hello from thread (0, 9) block (0, 0)
Hello from thread (1, 9) block (0, 0)
Hello from thread (2, 9) block (0, 0)
Hello from thread (3, 9) block (0, 0)
Hello from thread (4, 9) block (0, 0)
Hello from thread (5, 9) block (0, 0)
Hello from thread (6, 9) block (0, 0)
Hello from thread (7, 9) block (0, 0)
Hello from thread (0, 10) block (0, 0)
Hello from thread (1, 10) block (0, 0)
Hello from thread (2, 10) block (0, 0)
Hello from thread (3, 10) block (0, 0)
Hello from thread (4, 10) block (0, 0)
Hello from thread (5, 10) block (0, 0)
Hello from thread (6, 10) block (0, 0)
Hello from thread (7, 10) block (0, 0)
Hello from thread (0, 11) block (0, 0)
Hello from thread (1, 11) block (0, 0)
Hello from thread (2, 11) block (0, 0)
Hello from thread (3, 11) block (0, 0)
Hello from thread (4, 11) block (0, 0)
Hello from thread (5, 11) block (0, 0)
Hello from thread (6, 11) block (0, 0)
Hello from thread (7, 11) block (0, 0)
Hello from thread (0, 8) block (0, 3)
Hello from thread (1, 8) block (0, 3)
Hello from thread (2, 8) block (0, 3)
Hello from thread (3, 8) block (0, 3)
Hello from thread (4, 8) block (0, 3)
Hello from thread (5, 8) block (0, 3)
Hello from thread (6, 8) block (0, 3)
Hello from thread (7, 8) block (0, 3)
Hello from thread (0, 9) block (0, 3)
Hello from thread (1, 9) block (0, 3)
Hello from thread (2, 9) block (0, 3)
Hello from thread (3, 9) block (0, 3)
Hello from thread (4, 9) block (0, 3)
Hello from thread (5, 9) block (0, 3)
Hello from thread (6, 9) block (0, 3)
Hello from thread (7, 9) block (0, 3)
Hello from thread (0, 10) block (0, 3)
Hello from thread (1, 10) block (0, 3)
Hello from thread (2, 10) block (0, 3)
Hello from thread (3, 10) block (0, 3)
Hello from thread (4, 10) block (0, 3)
Hello from thread (5, 10) block (0, 3)
Hello from thread (6, 10) block (0, 3)
Hello from thread (7, 10) block (0, 3)
Hello from thread (0, 11) block (0, 3)
Hello from thread (1, 11) block (0, 3)
Hello from thread (2, 11) block (0, 3)
Hello from thread (3, 11) block (0, 3)
Hello from thread (4, 11) block (0, 3)
Hello from thread (5, 11) block (0, 3)
Hello from thread (6, 11) block (0, 3)
Hello from thread (7, 11) block (0, 3)
Hello from thread (0, 12) block (0, 0)
Hello from thread (1, 12) block (0, 0)
Hello from thread (2, 12) block (0, 0)
Hello from thread (3, 12) block (0, 0)
Hello from thread (4, 12) block (0, 0)
Hello from thread (5, 12) block (0, 0)
Hello from thread (6, 12) block (0, 0)
Hello from thread (7, 12) block (0, 0)
Hello from thread (0, 13) block (0, 0)
Hello from thread (1, 13) block (0, 0)
Hello from thread (2, 13) block (0, 0)
Hello from thread (3, 13) block (0, 0)
Hello from thread (4, 13) block (0, 0)
Hello from thread (5, 13) block (0, 0)
Hello from thread (6, 13) block (0, 0)
Hello from thread (7, 13) block (0, 0)
Hello from thread (0, 14) block (0, 0)
Hello from thread (1, 14) block (0, 0)
Hello from thread (2, 14) block (0, 0)
Hello from thread (3, 14) block (0, 0)
Hello from thread (4, 14) block (0, 0)
Hello from thread (5, 14) block (0, 0)
Hello from thread (6, 14) block (0, 0)
Hello from thread (7, 14) block (0, 0)
Hello from thread (0, 15) block (0, 0)
Hello from thread (1, 15) block (0, 0)
Hello from thread (2, 15) block (0, 0)
Hello from thread (3, 15) block (0, 0)
Hello from thread (4, 15) block (0, 0)
Hello from thread (5, 15) block (0, 0)
Hello from thread (6, 15) block (0, 0)
Hello from thread (7, 15) block (0, 0)
Hello from thread (0, 0) block (1, 1)
Hello from thread (1, 0) block (1, 1)
Hello from thread (2, 0) block (1, 1)
Hello from thread (3, 0) block (1, 1)
Hello from thread (4, 0) block (1, 1)
Hello from thread (5, 0) block (1, 1)
Hello from thread (6, 0) block (1, 1)
Hello from thread (7, 0) block (1, 1)
Hello from thread (0, 1) block (1, 1)
Hello from thread (1, 1) block (1, 1)
Hello from thread (2, 1) block (1, 1)
Hello from thread (3, 1) block (1, 1)
Hello from thread (4, 1) block (1, 1)
Hello from thread (5, 1) block (1, 1)
Hello from thread (6, 1) block (1, 1)
Hello from thread (7, 1) block (1, 1)
Hello from thread (0, 2) block (1, 1)
Hello from thread (1, 2) block (1, 1)
Hello from thread (2, 2) block (1, 1)
Hello from thread (3, 2) block (1, 1)
Hello from thread (4, 2) block (1, 1)
Hello from thread (5, 2) block (1, 1)
Hello from thread (6, 2) block (1, 1)
Hello from thread (7, 2) block (1, 1)
Hello from thread (0, 3) block (1, 1)
Hello from thread (1, 3) block (1, 1)
Hello from thread (2, 3) block (1, 1)
Hello from thread (3, 3) block (1, 1)
Hello from thread (4, 3) block (1, 1)
Hello from thread (5, 3) block (1, 1)
Hello from thread (6, 3) block (1, 1)
Hello from thread (7, 3) block (1, 1)
Hello from thread (0, 4) block (1, 1)
Hello from thread (1, 4) block (1, 1)
Hello from thread (2, 4) block (1, 1)
Hello from thread (3, 4) block (1, 1)
Hello from thread (4, 4) block (1, 1)
Hello from thread (5, 4) block (1, 1)
Hello from thread (6, 4) block (1, 1)
Hello from thread (7, 4) block (1, 1)
Hello from thread (0, 5) block (1, 1)
Hello from thread (1, 5) block (1, 1)
Hello from thread (2, 5) block (1, 1)
Hello from thread (3, 5) block (1, 1)
Hello from thread (4, 5) block (1, 1)
Hello from thread (5, 5) block (1, 1)
Hello from thread (6, 5) block (1, 1)
Hello from thread (7, 5) block (1, 1)
Hello from thread (0, 6) block (1, 1)
Hello from thread (1, 6) block (1, 1)
Hello from thread (2, 6) block (1, 1)
Hello from thread (3, 6) block (1, 1)
Hello from thread (4, 6) block (1, 1)
Hello from thread (5, 6) block (1, 1)
Hello from thread (6, 6) block (1, 1)
Hello from thread (7, 6) block (1, 1)
Hello from thread (0, 7) block (1, 1)
Hello from thread (1, 7) block (1, 1)
Hello from thread (2, 7) block (1, 1)
Hello from thread (3, 7) block (1, 1)
Hello from thread (4, 7) block (1, 1)
Hello from thread (5, 7) block (1, 1)
Hello from thread (6, 7) block (1, 1)
Hello from thread (7, 7) block (1, 1)
Hello from thread (0, 8) block (1, 1)
Hello from thread (1, 8) block (1, 1)
Hello from thread (2, 8) block (1, 1)
Hello from thread (3, 8) block (1, 1)
Hello from thread (4, 8) block (1, 1)
Hello from thread (5, 8) block (1, 1)
Hello from thread (6, 8) block (1, 1)
Hello from thread (7, 8) block (1, 1)
Hello from thread (0, 9) block (1, 1)
Hello from thread (1, 9) block (1, 1)
Hello from thread (2, 9) block (1, 1)
Hello from thread (3, 9) block (1, 1)
Hello from thread (4, 9) block (1, 1)
Hello from thread (5, 9) block (1, 1)
Hello from thread (6, 9) block (1, 1)
Hello from thread (7, 9) block (1, 1)
Hello from thread (0, 10) block (1, 1)
Hello from thread (1, 10) block (1, 1)
Hello from thread (2, 10) block (1, 1)
Hello from thread (3, 10) block (1, 1)
Hello from thread (4, 10) block (1, 1)
Hello from thread (5, 10) block (1, 1)
Hello from thread (6, 10) block (1, 1)
Hello from thread (7, 10) block (1, 1)
Hello from thread (0, 11) block (1, 1)
Hello from thread (1, 11) block (1, 1)
Hello from thread (2, 11) block (1, 1)
Hello from thread (3, 11) block (1, 1)
Hello from thread (4, 11) block (1, 1)
Hello from thread (5, 11) block (1, 1)
Hello from thread (6, 11) block (1, 1)
Hello from thread (7, 11) block (1, 1)
Hello from thread (0, 12) block (1, 1)
Hello from thread (1, 12) block (1, 1)
Hello from thread (2, 12) block (1, 1)
Hello from thread (3, 12) block (1, 1)
Hello from thread (4, 12) block (1, 1)
Hello from thread (5, 12) block (1, 1)
Hello from thread (6, 12) block (1, 1)
Hello from thread (7, 12) block (1, 1)
Hello from thread (0, 13) block (1, 1)
Hello from thread (1, 13) block (1, 1)
Hello from thread (2, 13) block (1, 1)
Hello from thread (3, 13) block (1, 1)
Hello from thread (4, 13) block (1, 1)
Hello from thread (5, 13) block (1, 1)
Hello from thread (6, 13) block (1, 1)
Hello from thread (7, 13) block (1, 1)
Hello from thread (0, 14) block (1, 1)
Hello from thread (1, 14) block (1, 1)
Hello from thread (2, 14) block (1, 1)
Hello from thread (3, 14) block (1, 1)
Hello from thread (4, 14) block (1, 1)
Hello from thread (5, 14) block (1, 1)
Hello from thread (6, 14) block (1, 1)
Hello from thread (7, 14) block (1, 1)
Hello from thread (0, 15) block (1, 1)
Hello from thread (1, 15) block (1, 1)
Hello from thread (2, 15) block (1, 1)
Hello from thread (3, 15) block (1, 1)
Hello from thread (4, 15) block (1, 1)
Hello from thread (5, 15) block (1, 1)
Hello from thread (6, 15) block (1, 1)
Hello from thread (7, 15) block (1, 1)
